c:\users\tsujil\dropbox\school work\fall 2015\cs software design\assembler\assembler\debug\assembler.pch
c:\users\tsujil\dropbox\school work\fall 2015\cs software design\assembler\assembler\debug\vc120.pdb
c:\users\tsujil\dropbox\school work\fall 2015\cs software design\assembler\assembler\debug\vc120.idb
c:\users\tsujil\dropbox\school work\fall 2015\cs software design\assembler\assembler\debug\stdafx.obj
c:\users\tsujil\dropbox\school work\fall 2015\cs software design\assembler\assembler\debug\assem.obj
c:\users\tsujil\dropbox\school work\fall 2015\cs software design\assembler\assembler\debug\assembler.obj
c:\users\tsujil\dropbox\school work\fall 2015\cs software design\assembler\assembler\debug\emulator.obj
c:\users\tsujil\dropbox\school work\fall 2015\cs software design\assembler\assembler\debug\errors.obj
c:\users\tsujil\dropbox\school work\fall 2015\cs software design\assembler\assembler\debug\fileaccess.obj
c:\users\tsujil\dropbox\school work\fall 2015\cs software design\assembler\assembler\debug\instruction.obj
c:\users\tsujil\dropbox\school work\fall 2015\cs software design\assembler\assembler\debug\symtab.obj
c:\users\tsujil\dropbox\school work\fall 2015\cs software design\assembler\debug\assembler.pdb
c:\users\tsujil\dropbox\school work\fall 2015\cs software design\assembler\assembler\debug\assembler.tlog\cl.command.1.tlog
c:\users\tsujil\dropbox\school work\fall 2015\cs software design\assembler\assembler\debug\assembler.tlog\cl.read.1.tlog
c:\users\tsujil\dropbox\school work\fall 2015\cs software design\assembler\assembler\debug\assembler.tlog\cl.write.1.tlog
c:\users\tsujil\dropbox\school work\fall 2015\cs software design\assembler\assembler\debug\assembler.tlog\link-cvtres.read.1.tlog
c:\users\tsujil\dropbox\school work\fall 2015\cs software design\assembler\assembler\debug\assembler.tlog\link-cvtres.write.1.tlog
c:\users\tsujil\dropbox\school work\fall 2015\cs software design\assembler\assembler\debug\assembler.tlog\link-rc.read.1.tlog
c:\users\tsujil\dropbox\school work\fall 2015\cs software design\assembler\assembler\debug\assembler.tlog\link-rc.write.1.tlog
c:\users\tsujil\dropbox\school work\fall 2015\cs software design\assembler\assembler\debug\assembler.tlog\link.command.1.tlog
c:\users\tsujil\dropbox\school work\fall 2015\cs software design\assembler\assembler\debug\assembler.tlog\link.read.1.tlog
c:\users\tsujil\dropbox\school work\fall 2015\cs software design\assembler\assembler\debug\assembler.tlog\link.write.1.tlog
